WARNING:root:warning
ERROR:root:error
CRITICAL:root:critical
WARNING:root:warning
ERROR:root:error
CRITICAL:root:critical
05/10/2017 09:16:17 PM warning
05/10/2017 09:16:17 PM error
05/10/2017 09:16:17 PM critical
05/10/2017 09:20:01 PM WARNING warning
05/10/2017 09:20:01 PM ERROR error
05/10/2017 09:20:01 PM CRITICAL critical
05/10/2017 09:20:38 PM WARNING E:/vscode_pragram/mine/Python3/Python_learning/day6/Homework/logging mod.py warning
05/10/2017 09:20:38 PM ERROR E:/vscode_pragram/mine/Python3/Python_learning/day6/Homework/logging mod.py error
05/10/2017 09:20:38 PM CRITICAL E:/vscode_pragram/mine/Python3/Python_learning/day6/Homework/logging mod.py critical
05/10/2017 09:21:03 PM WARNING logging mod.py - warning
05/10/2017 09:21:03 PM ERROR logging mod.py - error
05/10/2017 09:21:03 PM CRITICAL logging mod.py - critical
05/10/2017 09:23:42 PM logging mod.py - WARNING:warning
05/10/2017 09:23:42 PM logging mod.py - ERROR:error
05/10/2017 09:23:42 PM logging mod.py - CRITICAL:critical
05/10/2017 09:24:51 PM logging mod.py 13 - WARNING:warning
05/10/2017 09:24:51 PM logging mod.py 14 - ERROR:error
05/10/2017 09:24:51 PM logging mod.py 15 - CRITICAL:critical
05/10/2017 09:25:04 PM logging mod.py(13) - WARNING:warning
05/10/2017 09:25:04 PM logging mod.py(14) - ERROR:error
05/10/2017 09:25:04 PM logging mod.py(15) - CRITICAL:critical
05/10/2017 09:27:26 PM logging mod.py <module> (14) - WARNING:warning
05/10/2017 09:27:26 PM logging mod.py <module> (15) - ERROR:error
05/10/2017 09:27:26 PM logging mod.py <module> (16) - CRITICAL:critical
05/10/2017 09:27:59 PM logging mod.py <module> (14) - WARNING:warning
05/10/2017 09:27:59 PM logging mod.py <module> (15) - ERROR:error
05/10/2017 09:27:59 PM logging mod.py <module> (16) - CRITICAL:critical
05/10/2017 09:27:59 PM logging mod.py app_run (19) - WARNING:app has been run too long ...
05/10/2017 09:28:58 PM logging mod.py (14) - WARNING:warning
05/10/2017 09:28:58 PM logging mod.py (15) - ERROR:error
05/10/2017 09:28:58 PM logging mod.py (16) - CRITICAL:critical
05/10/2017 09:28:58 PM logging mod.py (23) - WARNING:app has been run too long ...
05/10/2017 11:26:44 PM logging mod.py (14) - WARNING:warning
05/10/2017 11:26:44 PM logging mod.py (15) - ERROR:error
05/10/2017 11:26:44 PM logging mod.py (16) - CRITICAL:critical
05/10/2017 11:26:44 PM logging mod.py (23) - WARNING:app has been run too long ...
